#! /usr/bin/vvp
:ivl_version "10.1 (stable)";
:ivl_delay_selection "TYPICAL";
:vpi_time_precision + 0;
:vpi_module "system";
:vpi_module "vhdl_sys";
:vpi_module "v2005_math";
:vpi_module "va_math";
S_0x7fffe2590f40 .scope module, "TOP" "TOP" 2 40;
 .timescale 0 0;
v0x7fffe25b2230_0 .var "CLOCK", 0 0;
v0x7fffe25b22f0_0 .net "cur_AB", 1 0, L_0x7fffe2581870;  1 drivers
v0x7fffe25b23c0_0 .net "nxt_AB", 1 0, L_0x7fffe25b2c90;  1 drivers
v0x7fffe25b24c0_0 .var "t_reset", 0 0;
v0x7fffe25b2590_0 .var "x", 0 0;
v0x7fffe25b2630_0 .net "y", 0 0, L_0x7fffe2581980;  1 drivers
S_0x7fffe25910c0 .scope module, "O1" "One_detector" 2 48, 2 2 0, S_0x7fffe2590f40;
 .timescale 0 0;
    .port_info 0 /OUTPUT 2 "s_out"
    .port_info 1 /OUTPUT 2 "n_out"
    .port_info 2 /OUTPUT 1 "y"
    .port_info 3 /INPUT 1 "x_in"
    .port_info 4 /INPUT 1 "clock"
    .port_info 5 /INPUT 1 "reset"
P_0x7fffe258f500 .param/l "S0" 0 2 11, C4<00>;
P_0x7fffe258f540 .param/l "S1" 0 2 11, C4<01>;
P_0x7fffe258f580 .param/l "S2" 0 2 11, C4<10>;
P_0x7fffe258f5c0 .param/l "S3" 0 2 11, C4<11>;
L_0x7fffe2581870 .functor BUFZ 2, v0x7fffe25b1f10_0, C4<00>, C4<00>, C4<00>;
L_0x7fffe2581980 .functor AND 1, L_0x7fffe25b2750, L_0x7fffe25b2870, C4<1>, C4<1>;
L_0x7fffe2581a90 .functor OR 1, L_0x7fffe25b2a00, L_0x7fffe25b2aa0, C4<0>, C4<0>;
L_0x7fffe2581ba0 .functor AND 1, L_0x7fffe2581a90, v0x7fffe25b2590_0, C4<1>, C4<1>;
L_0x7fffe25b2f50 .functor NOT 1, L_0x7fffe25b2eb0, C4<0>, C4<0>, C4<0>;
L_0x7fffe25b3010 .functor OR 1, L_0x7fffe25b2dd0, L_0x7fffe25b2f50, C4<0>, C4<0>;
L_0x7fffe25b3160 .functor AND 1, L_0x7fffe25b3010, v0x7fffe25b2590_0, C4<1>, C4<1>;
v0x7fffe2591420_0 .net *"_s11", 0 0, L_0x7fffe25b2a00;  1 drivers
v0x7fffe25b1200_0 .net *"_s13", 0 0, L_0x7fffe25b2aa0;  1 drivers
v0x7fffe25b12e0_0 .net *"_s14", 0 0, L_0x7fffe2581a90;  1 drivers
v0x7fffe25b13a0_0 .net *"_s16", 0 0, L_0x7fffe2581ba0;  1 drivers
v0x7fffe25b1480_0 .net *"_s22", 0 0, L_0x7fffe25b2dd0;  1 drivers
v0x7fffe25b15b0_0 .net *"_s24", 0 0, L_0x7fffe25b2eb0;  1 drivers
v0x7fffe25b1690_0 .net *"_s25", 0 0, L_0x7fffe25b2f50;  1 drivers
v0x7fffe25b1770_0 .net *"_s27", 0 0, L_0x7fffe25b3010;  1 drivers
v0x7fffe25b1850_0 .net *"_s29", 0 0, L_0x7fffe25b3160;  1 drivers
v0x7fffe25b1930_0 .net *"_s3", 0 0, L_0x7fffe25b2750;  1 drivers
v0x7fffe25b1a10_0 .net *"_s5", 0 0, L_0x7fffe25b2870;  1 drivers
v0x7fffe25b1af0_0 .net "clock", 0 0, v0x7fffe25b2230_0;  1 drivers
v0x7fffe25b1bb0_0 .net "n_out", 1 0, L_0x7fffe25b2c90;  alias, 1 drivers
v0x7fffe25b1c90_0 .var "next_state", 1 0;
v0x7fffe25b1d70_0 .net "reset", 0 0, v0x7fffe25b24c0_0;  1 drivers
v0x7fffe25b1e30_0 .net "s_out", 1 0, L_0x7fffe2581870;  alias, 1 drivers
v0x7fffe25b1f10_0 .var "state", 1 0;
v0x7fffe25b1ff0_0 .net "x_in", 0 0, v0x7fffe25b2590_0;  1 drivers
v0x7fffe25b20b0_0 .net "y", 0 0, L_0x7fffe2581980;  alias, 1 drivers
E_0x7fffe25804e0 .event edge, v0x7fffe25b1f10_0, v0x7fffe25b1ff0_0;
E_0x7fffe2581410/0 .event negedge, v0x7fffe25b1d70_0;
E_0x7fffe2581410/1 .event posedge, v0x7fffe25b1af0_0;
E_0x7fffe2581410 .event/or E_0x7fffe2581410/0, E_0x7fffe2581410/1;
L_0x7fffe25b2750 .part v0x7fffe25b1f10_0, 0, 1;
L_0x7fffe25b2870 .part v0x7fffe25b1f10_0, 1, 1;
L_0x7fffe25b2a00 .part v0x7fffe25b1f10_0, 1, 1;
L_0x7fffe25b2aa0 .part v0x7fffe25b1f10_0, 0, 1;
L_0x7fffe25b2c90 .concat8 [ 1 1 0 0], L_0x7fffe25b3160, L_0x7fffe2581ba0;
L_0x7fffe25b2dd0 .part v0x7fffe25b1f10_0, 1, 1;
L_0x7fffe25b2eb0 .part v0x7fffe25b1f10_0, 0, 1;
    .scope S_0x7fffe25910c0;
T_0 ;
    %wait E_0x7fffe2581410;
    %load/vec4 v0x7fffe25b1d70_0;
    %pad/u 32;
    %cmpi/e 0, 0, 32;
    %jmp/0xz  T_0.0, 4;
    %pushi/vec4 0, 0, 2;
    %assign/vec4 v0x7fffe25b1f10_0, 0;
    %jmp T_0.1;
T_0.0 ;
    %load/vec4 v0x7fffe25b1c90_0;
    %assign/vec4 v0x7fffe25b1f10_0, 0;
T_0.1 ;
    %jmp T_0;
    .thread T_0;
    .scope S_0x7fffe25910c0;
T_1 ;
    %wait E_0x7fffe25804e0;
    %load/vec4 v0x7fffe25b1f10_0;
    %dup/vec4;
    %pushi/vec4 0, 0, 2;
    %cmp/u;
    %jmp/1 T_1.0, 6;
    %dup/vec4;
    %pushi/vec4 1, 0, 2;
    %cmp/u;
    %jmp/1 T_1.1, 6;
    %dup/vec4;
    %pushi/vec4 2, 0, 2;
    %cmp/u;
    %jmp/1 T_1.2, 6;
    %dup/vec4;
    %pushi/vec4 3, 0, 2;
    %cmp/u;
    %jmp/1 T_1.3, 6;
    %pushi/vec4 3, 3, 2;
    %store/vec4 v0x7fffe25b1c90_0, 0, 2;
    %jmp T_1.5;
T_1.0 ;
    %load/vec4 v0x7fffe25b1ff0_0;
    %flag_set/vec4 8;
    %jmp/0xz  T_1.6, 8;
    %pushi/vec4 1, 0, 2;
    %store/vec4 v0x7fffe25b1c90_0, 0, 2;
    %jmp T_1.7;
T_1.6 ;
    %pushi/vec4 0, 0, 2;
    %store/vec4 v0x7fffe25b1c90_0, 0, 2;
T_1.7 ;
    %jmp T_1.5;
T_1.1 ;
    %load/vec4 v0x7fffe25b1ff0_0;
    %flag_set/vec4 8;
    %jmp/0xz  T_1.8, 8;
    %pushi/vec4 2, 0, 2;
    %store/vec4 v0x7fffe25b1c90_0, 0, 2;
    %jmp T_1.9;
T_1.8 ;
    %pushi/vec4 0, 0, 2;
    %store/vec4 v0x7fffe25b1c90_0, 0, 2;
T_1.9 ;
    %jmp T_1.5;
T_1.2 ;
    %load/vec4 v0x7fffe25b1ff0_0;
    %flag_set/vec4 8;
    %jmp/0xz  T_1.10, 8;
    %pushi/vec4 3, 0, 2;
    %store/vec4 v0x7fffe25b1c90_0, 0, 2;
    %jmp T_1.11;
T_1.10 ;
    %pushi/vec4 0, 0, 2;
    %store/vec4 v0x7fffe25b1c90_0, 0, 2;
T_1.11 ;
    %jmp T_1.5;
T_1.3 ;
    %load/vec4 v0x7fffe25b1ff0_0;
    %flag_set/vec4 8;
    %jmp/0xz  T_1.12, 8;
    %pushi/vec4 3, 0, 2;
    %store/vec4 v0x7fffe25b1c90_0, 0, 2;
    %jmp T_1.13;
T_1.12 ;
    %pushi/vec4 0, 0, 2;
    %store/vec4 v0x7fffe25b1c90_0, 0, 2;
T_1.13 ;
    %jmp T_1.5;
T_1.5 ;
    %pop/vec4 1;
    %jmp T_1;
    .thread T_1, $push;
    .scope S_0x7fffe2590f40;
T_2 ;
    %delay 200, 0;
    %vpi_call 2 50 "$finish" {0 0 0};
    %end;
    .thread T_2;
    .scope S_0x7fffe2590f40;
T_3 ;
    %pushi/vec4 0, 0, 1;
    %store/vec4 v0x7fffe25b24c0_0, 0, 1;
    %pushi/vec4 0, 0, 1;
    %store/vec4 v0x7fffe25b2230_0, 0, 1;
    %delay 5, 0;
    %pushi/vec4 1, 0, 1;
    %store/vec4 v0x7fffe25b24c0_0, 0, 1;
    %pushi/vec4 16, 0, 32;
T_3.0 %dup/vec4;
    %pushi/vec4 0, 0, 32;
    %cmp/s;
    %jmp/1xz T_3.1, 5;
    %jmp/1 T_3.1, 4;
    %pushi/vec4 1, 0, 32;
    %sub;
    %delay 5, 0;
    %load/vec4 v0x7fffe25b2230_0;
    %inv;
    %store/vec4 v0x7fffe25b2230_0, 0, 1;
    %jmp T_3.0;
T_3.1 ;
    %pop/vec4 1;
    %end;
    .thread T_3;
    .scope S_0x7fffe2590f40;
T_4 ;
    %pushi/vec4 0, 0, 1;
    %store/vec4 v0x7fffe25b2590_0, 0, 1;
    %delay 12, 0;
    %pushi/vec4 1, 0, 1;
    %store/vec4 v0x7fffe25b2590_0, 0, 1;
    %pushi/vec4 8, 0, 32;
T_4.0 %dup/vec4;
    %pushi/vec4 0, 0, 32;
    %cmp/s;
    %jmp/1xz T_4.1, 5;
    %jmp/1 T_4.1, 4;
    %pushi/vec4 1, 0, 32;
    %sub;
    %delay 30, 0;
    %load/vec4 v0x7fffe25b2590_0;
    %inv;
    %store/vec4 v0x7fffe25b2590_0, 0, 1;
    %jmp T_4.0;
T_4.1 ;
    %pop/vec4 1;
    %end;
    .thread T_4;
    .scope S_0x7fffe2590f40;
T_5 ;
    %vpi_call 2 67 "$dumpfile", "test_output.vcd" {0 0 0};
    %vpi_call 2 68 "$dumpvars" {0 0 0};
    %end;
    .thread T_5;
# The file index is used to find the file name in the following table.
:file_names 3;
    "N/A";
    "<interactive>";
    "test.v";
